12:15:22.415 [main] INFO  testCases.TC_1_UpcomingBikes - ***********verifing Upcoming Bike Page url ***********
12:15:22.458 [main] INFO  testCases.TC_1_UpcomingBikes - Verified Upcoming Bike Page url
12:16:05.251 [main] INFO  testCases.TC_1_UpcomingBikes - From manufacturers dropdown select 'Honda'
12:16:05.548 [main] INFO  testCases.TC_1_UpcomingBikes - ***********verify Honda title ***********
12:16:05.610 [main] INFO  testCases.TC_1_UpcomingBikes - Verified Honda page title
12:16:06.381 [main] INFO  testCases.TC_1_UpcomingBikes - Click on ViewMore
12:16:09.121 [main] INFO  testCases.TC_1_UpcomingBikes - Get bike models, prices, and expected launch date for manufacturer 'Honda' & Bike price less than 4Lac
12:16:10.341 [main] INFO  testCases.TC_1_UpcomingBikes - ***Finished TC_1_UpcomingBikes
12:16:10.626 [main] INFO  testCases.TC_1_UpcomingBikes - ***Starting TC_2_UsedCars****
12:16:11.353 [main] INFO  testCases.TC_1_UpcomingBikes - Checking visibility of used cars dropdown
12:16:11.811 [main] INFO  testCases.TC_1_UpcomingBikes - Move to used cars dropdown
12:16:43.034 [main] INFO  testCases.TC_1_UpcomingBikes - Click on Chennai city
12:16:44.245 [main] INFO  testCases.TC_1_UpcomingBikes - Extracting all the popular models
12:16:44.245 [main] INFO  testCases.TC_1_UpcomingBikes - ***Finished TC_2_UsedCars****
12:16:44.489 [main] INFO  testCases.TC_1_UpcomingBikes - ***Starting TC_3_GoogleSignin***
12:17:16.054 [main] INFO  testCases.TC_1_UpcomingBikes - Click on Forum
12:17:16.233 [main] INFO  testCases.TC_1_UpcomingBikes - ***********verifing Forum Page Title ***********
12:17:16.244 [main] INFO  testCases.TC_1_UpcomingBikes - Verified Forum Page title
12:17:17.091 [main] INFO  testCases.TC_1_UpcomingBikes - Click on signup
12:17:17.931 [main] INFO  testCases.TC_1_UpcomingBikes - click on Google
12:17:20.207 [main] INFO  testCases.TC_1_UpcomingBikes - Signin with wrong Email account deatils
12:17:20.733 [main] INFO  testCases.TC_1_UpcomingBikes - Click on Next button
12:19:58.504 [main] INFO  testCases.TC_1_UpcomingBikes - Chrome browser opened successfully
12:20:04.645 [main] INFO  testCases.TC_1_UpcomingBikes - ***Starting TC_1_UpcomingBikes
12:20:04.740 [main] INFO  testCases.TC_1_UpcomingBikes - *********verifing Home Title ***********
12:20:04.763 [main] INFO  testCases.TC_1_UpcomingBikes - got the page title
12:20:05.278 [main] INFO  testCases.TC_1_UpcomingBikes - Move to New Bikes Dropdown
12:20:05.568 [main] INFO  testCases.TC_1_UpcomingBikes - ***********verifing Upcoming Bike Option ***********
12:20:05.627 [main] INFO  testCases.TC_1_UpcomingBikes - Storing boolean value in actual
12:20:05.631 [main] INFO  testCases.TC_1_UpcomingBikes - Verified upcoming bikes options
12:20:07.294 [main] INFO  testCases.TC_1_UpcomingBikes - Click on Upcoming Bikes
12:20:07.627 [main] INFO  testCases.TC_1_UpcomingBikes - ***********verifing Upcoming Bike Page url ***********
12:20:07.797 [main] INFO  testCases.TC_1_UpcomingBikes - Verified Upcoming Bike Page url
12:20:10.418 [main] INFO  testCases.TC_1_UpcomingBikes - From manufacturers dropdown select 'Honda'
12:20:10.762 [main] INFO  testCases.TC_1_UpcomingBikes - ***********verify Honda title ***********
12:20:10.840 [main] INFO  testCases.TC_1_UpcomingBikes - Verified Honda page title
12:20:11.437 [main] INFO  testCases.TC_1_UpcomingBikes - Click on ViewMore
12:20:14.304 [main] INFO  testCases.TC_1_UpcomingBikes - Get bike models, prices, and expected launch date for manufacturer 'Honda' & Bike price less than 4Lac
12:20:16.832 [main] INFO  testCases.TC_1_UpcomingBikes - ***Finished TC_1_UpcomingBikes
12:20:17.505 [main] INFO  testCases.TC_1_UpcomingBikes - ***Starting TC_2_UsedCars****
12:20:18.288 [main] INFO  testCases.TC_1_UpcomingBikes - Checking visibility of used cars dropdown
12:20:18.911 [main] INFO  testCases.TC_1_UpcomingBikes - Move to used cars dropdown
12:20:23.871 [main] INFO  testCases.TC_1_UpcomingBikes - Click on Chennai city
12:20:24.698 [main] INFO  testCases.TC_1_UpcomingBikes - Extracting all the popular models
12:20:24.699 [main] INFO  testCases.TC_1_UpcomingBikes - ***Finished TC_2_UsedCars****
12:20:24.944 [main] INFO  testCases.TC_1_UpcomingBikes - ***Starting TC_3_GoogleSignin***
12:20:28.425 [main] INFO  testCases.TC_1_UpcomingBikes - Click on Forum
12:20:28.651 [main] INFO  testCases.TC_1_UpcomingBikes - ***********verifing Forum Page Title ***********
12:20:28.657 [main] INFO  testCases.TC_1_UpcomingBikes - Verified Forum Page title
12:20:29.263 [main] INFO  testCases.TC_1_UpcomingBikes - Click on signup
12:20:29.712 [main] INFO  testCases.TC_1_UpcomingBikes - click on Google
12:20:32.009 [main] INFO  testCases.TC_1_UpcomingBikes - Signin with wrong Email account deatils
12:20:32.647 [main] INFO  testCases.TC_1_UpcomingBikes - Click on Next button
12:20:32.983 [main] INFO  testCases.TC_1_UpcomingBikes - Capture the error message
12:20:32.983 [main] INFO  testCases.TC_1_UpcomingBikes - ***Finished TC_3_GoogleSignin***
